This is pdfTeX, Version 3.14159265-2.6-1.40.15 (TeX Live 2015/dev/Debian) (preloaded format=pdflatex 2015.5.29)  1 AUG 2016 11:53
entering extended mode
 restricted \write18 enabled.
 %&-line parsing enabled.
**slides01_intro_cogpsych.tex
(./slides01_intro_cogpsych.tex
LaTeX2e <2014/05/01>
Babel <3.9l> and hyphenation patterns for 10 languages loaded.
(/usr/share/texlive/texmf-dist/tex/latex/beamer/beamer.cls
(/usr/share/texlive/texmf-dist/tex/latex/beamer/beamerbasercs.sty
Package: beamerbasercs 2013/12/25 (rcs-revision 31cc758a62ae)
)
Document Class: beamer 2013/12/02 3.33 A class for typesetting presentations (r
cs-revision 332bfd3ce558)
(/usr/share/texlive/texmf-dist/tex/latex/beamer/beamerbasemodes.sty
Package: beamerbasemodes 2013/09/03 (rcs-revision 768f2d98ca64)
\beamer@tempbox=\box26
\beamer@tempcount=\count79
\c@beamerpauses=\count80

(/usr/share/texlive/texmf-dist/tex/latex/beamer/beamerbasedecode.sty
Package: beamerbasedecode 2010/05/01 (rcs-revision efa082c6111d)
\beamer@slideinframe=\count81
\beamer@minimum=\count82
)
\beamer@commentbox=\box27
\beamer@modecount=\count83
)
(/usr/share/texlive/texmf-dist/tex/generic/oberdiek/ifpdf.sty
Package: ifpdf 2011/01/30 v2.3 Provides the ifpdf switch (HO)
Package ifpdf Info: pdfTeX in PDF mode is detected.
)
\headheight=\dimen102
\headdp=\dimen103
\footheight=\dimen104
\sidebarheight=\dimen105
\beamer@tempdim=\dimen106
\beamer@finalheight=\dimen107
\beamer@animht=\dimen108
\beamer@animdp=\dimen109
\beamer@animwd=\dimen110
\beamer@leftmargin=\dimen111
\beamer@rightmargin=\dimen112
\beamer@leftsidebar=\dimen113
\beamer@rightsidebar=\dimen114
\beamer@boxsize=\dimen115
\beamer@vboxoffset=\dimen116
\beamer@descdefault=\dimen117
\beamer@descriptionwidth=\dimen118
\beamer@lastskip=\skip41
\beamer@areabox=\box28
\beamer@animcurrent=\box29
\beamer@animshowbox=\box30
\beamer@sectionbox=\box31
\beamer@logobox=\box32
\beamer@linebox=\box33
\beamer@sectioncount=\count84
\beamer@subsubsectionmax=\count85
\beamer@subsectionmax=\count86
\beamer@sectionmax=\count87
\beamer@totalheads=\count88
\beamer@headcounter=\count89
\beamer@partstartpage=\count90
\beamer@sectionstartpage=\count91
\beamer@subsectionstartpage=\count92
\beamer@animationtempa=\count93
\beamer@animationtempb=\count94
\beamer@xpos=\count95
\beamer@ypos=\count96
\beamer@showpartnumber=\count97
\beamer@currentsubsection=\count98
\beamer@coveringdepth=\count99
\beamer@sectionadjust=\count100
\beamer@tocsectionnumber=\count101

(/usr/share/texlive/texmf-dist/tex/latex/beamer/beamerbaseoptions.sty
Package: beamerbaseoptions 2013/03/10 (rcs-revision 47431932db0d)

(/usr/share/texlive/texmf-dist/tex/latex/graphics/keyval.sty
Package: keyval 2014/05/08 v1.15 key=value parser (DPC)
\KV@toks@=\toks14
))
\beamer@paperwidth=\skip42
\beamer@paperheight=\skip43

(/usr/share/texlive/texmf-dist/tex/latex/geometry/geometry.sty
Package: geometry 2010/09/12 v5.6 Page Geometry

(/usr/share/texlive/texmf-dist/tex/generic/oberdiek/ifvtex.sty
Package: ifvtex 2010/03/01 v1.5 Detect VTeX and its facilities (HO)
Package ifvtex Info: VTeX not detected.
)
(/usr/share/texlive/texmf-dist/tex/generic/ifxetex/ifxetex.sty
Package: ifxetex 2010/09/12 v0.6 Provides ifxetex conditional
)
\Gm@cnth=\count102
\Gm@cntv=\count103
\c@Gm@tempcnt=\count104
\Gm@bindingoffset=\dimen119
\Gm@wd@mp=\dimen120
\Gm@odd@mp=\dimen121
\Gm@even@mp=\dimen122
\Gm@layoutwidth=\dimen123
\Gm@layoutheight=\dimen124
\Gm@layouthoffset=\dimen125
\Gm@layoutvoffset=\dimen126
\Gm@dimlist=\toks15
)
(/usr/share/texlive/texmf-dist/tex/latex/base/size11.clo
File: size11.clo 2014/09/29 v1.4h Standard LaTeX file (size option)
)
(/usr/share/texlive/texmf-dist/tex/latex/pgf/basiclayer/pgfcore.sty
(/usr/share/texlive/texmf-dist/tex/latex/graphics/graphicx.sty
Package: graphicx 2014/04/25 v1.0g Enhanced LaTeX Graphics (DPC,SPQR)

(/usr/share/texlive/texmf-dist/tex/latex/graphics/graphics.sty
Package: graphics 2009/02/05 v1.0o Standard LaTeX Graphics (DPC,SPQR)

(/usr/share/texlive/texmf-dist/tex/latex/graphics/trig.sty
Package: trig 1999/03/16 v1.09 sin cos tan (DPC)
)
(/usr/share/texlive/texmf-dist/tex/latex/latexconfig/graphics.cfg
File: graphics.cfg 2010/04/23 v1.9 graphics configuration of TeX Live
)
Package graphics Info: Driver file: pdftex.def on input line 91.

(/usr/share/texlive/texmf-dist/tex/latex/pdftex-def/pdftex.def
File: pdftex.def 2011/05/27 v0.06d Graphics/color for pdfTeX

(/usr/share/texlive/texmf-dist/tex/generic/oberdiek/infwarerr.sty
Package: infwarerr 2010/04/08 v1.3 Providing info/warning/error messages (HO)
)
(/usr/share/texlive/texmf-dist/tex/generic/oberdiek/ltxcmds.sty
Package: ltxcmds 2011/11/09 v1.22 LaTeX kernel commands for general use (HO)
)
\Gread@gobject=\count105
))
\Gin@req@height=\dimen127
\Gin@req@width=\dimen128
)
(/usr/share/texlive/texmf-dist/tex/latex/pgf/systemlayer/pgfsys.sty
(/usr/share/texlive/texmf-dist/tex/latex/pgf/utilities/pgfrcs.sty
(/usr/share/texlive/texmf-dist/tex/generic/pgf/utilities/pgfutil-common.tex
\pgfutil@everybye=\toks16
\pgfutil@tempdima=\dimen129
\pgfutil@tempdimb=\dimen130

(/usr/share/texlive/texmf-dist/tex/generic/pgf/utilities/pgfutil-common-lists.t
ex)) (/usr/share/texlive/texmf-dist/tex/generic/pgf/utilities/pgfutil-latex.def
\pgfutil@abb=\box34
(/usr/share/texlive/texmf-dist/tex/latex/ms/everyshi.sty
Package: everyshi 2001/05/15 v3.00 EveryShipout Package (MS)
))
(/usr/share/texlive/texmf-dist/tex/generic/pgf/utilities/pgfrcs.code.tex
Package: pgfrcs 2013/12/20 v3.0.0 (rcs-revision 1.28)
))
(/usr/share/texlive/texmf-dist/tex/generic/pgf/systemlayer/pgfsys.code.tex
Package: pgfsys 2013/11/30 v3.0.0 (rcs-revision 1.47)

(/usr/share/texlive/texmf-dist/tex/generic/pgf/utilities/pgfkeys.code.tex
\pgfkeys@pathtoks=\toks17
\pgfkeys@temptoks=\toks18

(/usr/share/texlive/texmf-dist/tex/generic/pgf/utilities/pgfkeysfiltered.code.t
ex
\pgfkeys@tmptoks=\toks19
))
\pgf@x=\dimen131
\pgf@y=\dimen132
\pgf@xa=\dimen133
\pgf@ya=\dimen134
\pgf@xb=\dimen135
\pgf@yb=\dimen136
\pgf@xc=\dimen137
\pgf@yc=\dimen138
\w@pgf@writea=\write3
\r@pgf@reada=\read1
\c@pgf@counta=\count106
\c@pgf@countb=\count107
\c@pgf@countc=\count108
\c@pgf@countd=\count109
\t@pgf@toka=\toks20
\t@pgf@tokb=\toks21
\t@pgf@tokc=\toks22
 (/usr/share/texlive/texmf-dist/tex/generic/pgf/systemlayer/pgf.cfg
File: pgf.cfg 2008/05/14  (rcs-revision 1.7)
)
Driver file for pgf: pgfsys-pdftex.def

(/usr/share/texlive/texmf-dist/tex/generic/pgf/systemlayer/pgfsys-pdftex.def
File: pgfsys-pdftex.def 2013/07/18  (rcs-revision 1.33)

(/usr/share/texlive/texmf-dist/tex/generic/pgf/systemlayer/pgfsys-common-pdf.de
f
File: pgfsys-common-pdf.def 2013/10/10  (rcs-revision 1.13)
)))
(/usr/share/texlive/texmf-dist/tex/generic/pgf/systemlayer/pgfsyssoftpath.code.
tex
File: pgfsyssoftpath.code.tex 2013/09/09  (rcs-revision 1.9)
\pgfsyssoftpath@smallbuffer@items=\count110
\pgfsyssoftpath@bigbuffer@items=\count111
)
(/usr/share/texlive/texmf-dist/tex/generic/pgf/systemlayer/pgfsysprotocol.code.
tex
File: pgfsysprotocol.code.tex 2006/10/16  (rcs-revision 1.4)
)) (/usr/share/texlive/texmf-dist/tex/latex/xcolor/xcolor.sty
Package: xcolor 2007/01/21 v2.11 LaTeX color extensions (UK)

(/usr/share/texlive/texmf-dist/tex/latex/latexconfig/color.cfg
File: color.cfg 2007/01/18 v1.5 color configuration of teTeX/TeXLive
)
Package xcolor Info: Driver file: pdftex.def on input line 225.
Package xcolor Info: Model `cmy' substituted by `cmy0' on input line 1337.
Package xcolor Info: Model `hsb' substituted by `rgb' on input line 1341.
Package xcolor Info: Model `RGB' extended on input line 1353.
Package xcolor Info: Model `HTML' substituted by `rgb' on input line 1355.
Package xcolor Info: Model `Hsb' substituted by `hsb' on input line 1356.
Package xcolor Info: Model `tHsb' substituted by `hsb' on input line 1357.
Package xcolor Info: Model `HSB' substituted by `hsb' on input line 1358.
Package xcolor Info: Model `Gray' substituted by `gray' on input line 1359.
Package xcolor Info: Model `wave' substituted by `hsb' on input line 1360.
)
(/usr/share/texlive/texmf-dist/tex/generic/pgf/basiclayer/pgfcore.code.tex
Package: pgfcore 2010/04/11 v3.0.0 (rcs-revision 1.7)

(/usr/share/texlive/texmf-dist/tex/generic/pgf/math/pgfmath.code.tex
(/usr/share/texlive/texmf-dist/tex/generic/pgf/math/pgfmathcalc.code.tex
(/usr/share/texlive/texmf-dist/tex/generic/pgf/math/pgfmathutil.code.tex)
(/usr/share/texlive/texmf-dist/tex/generic/pgf/math/pgfmathparser.code.tex
\pgfmath@dimen=\dimen139
\pgfmath@count=\count112
\pgfmath@box=\box35
\pgfmath@toks=\toks23
\pgfmath@stack@operand=\toks24
\pgfmath@stack@operation=\toks25
)
(/usr/share/texlive/texmf-dist/tex/generic/pgf/math/pgfmathfunctions.code.tex
(/usr/share/texlive/texmf-dist/tex/generic/pgf/math/pgfmathfunctions.basic.code
.tex)
(/usr/share/texlive/texmf-dist/tex/generic/pgf/math/pgfmathfunctions.trigonomet
ric.code.tex)
(/usr/share/texlive/texmf-dist/tex/generic/pgf/math/pgfmathfunctions.random.cod
e.tex)
(/usr/share/texlive/texmf-dist/tex/generic/pgf/math/pgfmathfunctions.comparison
.code.tex)
(/usr/share/texlive/texmf-dist/tex/generic/pgf/math/pgfmathfunctions.base.code.
tex)
(/usr/share/texlive/texmf-dist/tex/generic/pgf/math/pgfmathfunctions.round.code
.tex)
(/usr/share/texlive/texmf-dist/tex/generic/pgf/math/pgfmathfunctions.misc.code.
tex)
(/usr/share/texlive/texmf-dist/tex/generic/pgf/math/pgfmathfunctions.integerari
thmetics.code.tex)))
(/usr/share/texlive/texmf-dist/tex/generic/pgf/math/pgfmathfloat.code.tex
\c@pgfmathroundto@lastzeros=\count113
))
(/usr/share/texlive/texmf-dist/tex/generic/pgf/basiclayer/pgfcorepoints.code.te
x
File: pgfcorepoints.code.tex 2013/10/07  (rcs-revision 1.27)
\pgf@picminx=\dimen140
\pgf@picmaxx=\dimen141
\pgf@picminy=\dimen142
\pgf@picmaxy=\dimen143
\pgf@pathminx=\dimen144
\pgf@pathmaxx=\dimen145
\pgf@pathminy=\dimen146
\pgf@pathmaxy=\dimen147
\pgf@xx=\dimen148
\pgf@xy=\dimen149
\pgf@yx=\dimen150
\pgf@yy=\dimen151
\pgf@zx=\dimen152
\pgf@zy=\dimen153
)
(/usr/share/texlive/texmf-dist/tex/generic/pgf/basiclayer/pgfcorepathconstruct.
code.tex
File: pgfcorepathconstruct.code.tex 2013/10/07  (rcs-revision 1.29)
\pgf@path@lastx=\dimen154
\pgf@path@lasty=\dimen155
)
(/usr/share/texlive/texmf-dist/tex/generic/pgf/basiclayer/pgfcorepathusage.code
.tex
File: pgfcorepathusage.code.tex 2013/12/13  (rcs-revision 1.23)
\pgf@shorten@end@additional=\dimen156
\pgf@shorten@start@additional=\dimen157
)
(/usr/share/texlive/texmf-dist/tex/generic/pgf/basiclayer/pgfcorescopes.code.te
x
File: pgfcorescopes.code.tex 2013/10/09  (rcs-revision 1.44)
\pgfpic=\box36
\pgf@hbox=\box37
\pgf@layerbox@main=\box38
\pgf@picture@serial@count=\count114
)
(/usr/share/texlive/texmf-dist/tex/generic/pgf/basiclayer/pgfcoregraphicstate.c
ode.tex
File: pgfcoregraphicstate.code.tex 2013/09/19  (rcs-revision 1.11)
\pgflinewidth=\dimen158
)
(/usr/share/texlive/texmf-dist/tex/generic/pgf/basiclayer/pgfcoretransformation
s.code.tex
File: pgfcoretransformations.code.tex 2013/10/10  (rcs-revision 1.17)
\pgf@pt@x=\dimen159
\pgf@pt@y=\dimen160
\pgf@pt@temp=\dimen161
)
(/usr/share/texlive/texmf-dist/tex/generic/pgf/basiclayer/pgfcorequick.code.tex
File: pgfcorequick.code.tex 2008/10/09  (rcs-revision 1.3)
)
(/usr/share/texlive/texmf-dist/tex/generic/pgf/basiclayer/pgfcoreobjects.code.t
ex
File: pgfcoreobjects.code.tex 2006/10/11  (rcs-revision 1.2)
)
(/usr/share/texlive/texmf-dist/tex/generic/pgf/basiclayer/pgfcorepathprocessing
.code.tex
File: pgfcorepathprocessing.code.tex 2013/09/09  (rcs-revision 1.9)
)
(/usr/share/texlive/texmf-dist/tex/generic/pgf/basiclayer/pgfcorearrows.code.te
x
File: pgfcorearrows.code.tex 2013/11/07  (rcs-revision 1.40)
\pgfarrowsep=\dimen162
)
(/usr/share/texlive/texmf-dist/tex/generic/pgf/basiclayer/pgfcoreshade.code.tex
File: pgfcoreshade.code.tex 2013/07/15  (rcs-revision 1.15)
\pgf@max=\dimen163
\pgf@sys@shading@range@num=\count115
)
(/usr/share/texlive/texmf-dist/tex/generic/pgf/basiclayer/pgfcoreimage.code.tex
File: pgfcoreimage.code.tex 2013/07/15  (rcs-revision 1.18)

(/usr/share/texlive/texmf-dist/tex/generic/pgf/basiclayer/pgfcoreexternal.code.
tex
File: pgfcoreexternal.code.tex 2013/07/15  (rcs-revision 1.20)
\pgfexternal@startupbox=\box39
))
(/usr/share/texlive/texmf-dist/tex/generic/pgf/basiclayer/pgfcorelayers.code.te
x
File: pgfcorelayers.code.tex 2013/07/18  (rcs-revision 1.7)
)
(/usr/share/texlive/texmf-dist/tex/generic/pgf/basiclayer/pgfcoretransparency.c
ode.tex
File: pgfcoretransparency.code.tex 2013/09/30  (rcs-revision 1.5)
)
(/usr/share/texlive/texmf-dist/tex/generic/pgf/basiclayer/pgfcorepatterns.code.
tex
File: pgfcorepatterns.code.tex 2013/11/07  (rcs-revision 1.5)
))) (/usr/share/texlive/texmf-dist/tex/latex/pgf/utilities/xxcolor.sty
Package: xxcolor 2003/10/24 ver 0.1
\XC@nummixins=\count116
\XC@countmixins=\count117
)
(/usr/share/texlive/texmf-dist/tex/generic/oberdiek/atbegshi.sty
Package: atbegshi 2011/10/05 v1.16 At begin shipout hook (HO)
)
(/usr/share/texlive/texmf-dist/tex/latex/hyperref/hyperref.sty
Package: hyperref 2012/11/06 v6.83m Hypertext links for LaTeX

(/usr/share/texlive/texmf-dist/tex/generic/oberdiek/hobsub-hyperref.sty
Package: hobsub-hyperref 2012/05/28 v1.13 Bundle oberdiek, subset hyperref (HO)


(/usr/share/texlive/texmf-dist/tex/generic/oberdiek/hobsub-generic.sty
Package: hobsub-generic 2012/05/28 v1.13 Bundle oberdiek, subset generic (HO)
Package: hobsub 2012/05/28 v1.13 Construct package bundles (HO)
Package hobsub Info: Skipping package `infwarerr' (already loaded).
Package hobsub Info: Skipping package `ltxcmds' (already loaded).
Package: ifluatex 2010/03/01 v1.3 Provides the ifluatex switch (HO)
Package ifluatex Info: LuaTeX not detected.
Package hobsub Info: Skipping package `ifvtex' (already loaded).
Package: intcalc 2007/09/27 v1.1 Expandable calculations with integers (HO)
Package hobsub Info: Skipping package `ifpdf' (already loaded).
Package: etexcmds 2011/02/16 v1.5 Avoid name clashes with e-TeX commands (HO)
Package etexcmds Info: Could not find \expanded.
(etexcmds)             That can mean that you are not using pdfTeX 1.50 or
(etexcmds)             that some package has redefined \expanded.
(etexcmds)             In the latter case, load this package earlier.
Package: kvsetkeys 2012/04/25 v1.16 Key value parser (HO)
Package: kvdefinekeys 2011/04/07 v1.3 Define keys (HO)
Package: pdftexcmds 2011/11/29 v0.20 Utility functions of pdfTeX for LuaTeX (HO
)
Package pdftexcmds Info: LuaTeX not detected.
Package pdftexcmds Info: \pdf@primitive is available.
Package pdftexcmds Info: \pdf@ifprimitive is available.
Package pdftexcmds Info: \pdfdraftmode found.
Package: pdfescape 2011/11/25 v1.13 Implements pdfTeX's escape features (HO)
Package: bigintcalc 2012/04/08 v1.3 Expandable calculations on big integers (HO
)
Package: bitset 2011/01/30 v1.1 Handle bit-vector datatype (HO)
Package: uniquecounter 2011/01/30 v1.2 Provide unlimited unique counter (HO)
)
Package hobsub Info: Skipping package `hobsub' (already loaded).
Package: letltxmacro 2010/09/02 v1.4 Let assignment for LaTeX macros (HO)
Package: hopatch 2012/05/28 v1.2 Wrapper for package hooks (HO)
Package: xcolor-patch 2011/01/30 xcolor patch
Package: atveryend 2011/06/30 v1.8 Hooks at the very end of document (HO)
Package atveryend Info: \enddocument detected (standard20110627).
Package hobsub Info: Skipping package `atbegshi' (already loaded).
Package: refcount 2011/10/16 v3.4 Data extraction from label references (HO)
Package: hycolor 2011/01/30 v1.7 Color options for hyperref/bookmark (HO)
)
(/usr/share/texlive/texmf-dist/tex/latex/oberdiek/auxhook.sty
Package: auxhook 2011/03/04 v1.3 Hooks for auxiliary files (HO)
)
(/usr/share/texlive/texmf-dist/tex/latex/oberdiek/kvoptions.sty
Package: kvoptions 2011/06/30 v3.11 Key value format for package options (HO)
)
\@linkdim=\dimen164
\Hy@linkcounter=\count118
\Hy@pagecounter=\count119

(/usr/share/texlive/texmf-dist/tex/latex/hyperref/pd1enc.def
File: pd1enc.def 2012/11/06 v6.83m Hyperref: PDFDocEncoding definition (HO)
)
\Hy@SavedSpaceFactor=\count120

(/usr/share/texlive/texmf-dist/tex/latex/latexconfig/hyperref.cfg
File: hyperref.cfg 2002/06/06 v1.2 hyperref configuration of TeXLive
)
Package hyperref Info: Option `bookmarks' set `true' on input line 4319.
Package hyperref Info: Option `bookmarksopen' set `true' on input line 4319.
Package hyperref Info: Option `implicit' set `false' on input line 4319.
Package hyperref Info: Hyper figures OFF on input line 4443.
Package hyperref Info: Link nesting OFF on input line 4448.
Package hyperref Info: Hyper index ON on input line 4451.
Package hyperref Info: Plain pages OFF on input line 4458.
Package hyperref Info: Backreferencing OFF on input line 4463.
Package hyperref Info: Implicit mode OFF; no redefinition of LaTeX internals.
Package hyperref Info: Bookmarks ON on input line 4688.
\c@Hy@tempcnt=\count121

(/usr/share/texlive/texmf-dist/tex/latex/url/url.sty
\Urlmuskip=\muskip10
Package: url 2013/09/16  ver 3.4  Verb mode for urls, etc.
)
LaTeX Info: Redefining \url on input line 5041.
\XeTeXLinkMargin=\dimen165
\Fld@menulength=\count122
\Field@Width=\dimen166
\Fld@charsize=\dimen167
Package hyperref Info: Hyper figures OFF on input line 6295.
Package hyperref Info: Link nesting OFF on input line 6300.
Package hyperref Info: Hyper index ON on input line 6303.
Package hyperref Info: backreferencing OFF on input line 6310.
Package hyperref Info: Link coloring OFF on input line 6315.
Package hyperref Info: Link coloring with OCG OFF on input line 6320.
Package hyperref Info: PDF/A mode OFF on input line 6325.
LaTeX Info: Redefining \ref on input line 6365.
LaTeX Info: Redefining \pageref on input line 6369.
\Hy@abspage=\count123


Package hyperref Message: Stopped early.

)

Package hyperref Message: Driver (autodetected): hpdftex.

(/usr/share/texlive/texmf-dist/tex/latex/hyperref/hpdftex.def
File: hpdftex.def 2012/11/06 v6.83m Hyperref driver for pdfTeX
\Fld@listcount=\count124
\c@bookmark@seq@number=\count125

(/usr/share/texlive/texmf-dist/tex/latex/oberdiek/rerunfilecheck.sty
Package: rerunfilecheck 2011/04/15 v1.7 Rerun checks for auxiliary files (HO)
Package uniquecounter Info: New unique counter `rerunfilecheck' on input line 2
82.
))
(/usr/share/texlive/texmf-dist/tex/latex/beamer/beamerbaserequires.sty
Package: beamerbaserequires 2010/05/01  (rcs-revision efa082c6111d)

(/usr/share/texlive/texmf-dist/tex/latex/beamer/beamerbasecompatibility.sty
Package: beamerbasecompatibility 2012/05/01  (rcs-revision 67c48b3b652d)
)
(/usr/share/texlive/texmf-dist/tex/latex/beamer/beamerbasefont.sty
Package: beamerbasefont 2013/10/18  (rcs-revision 72f39e01808a)

(/usr/share/texlive/texmf-dist/tex/latex/amsfonts/amssymb.sty
Package: amssymb 2013/01/14 v3.01 AMS font symbols

(/usr/share/texlive/texmf-dist/tex/latex/amsfonts/amsfonts.sty
Package: amsfonts 2013/01/14 v3.01 Basic AMSFonts support
\@emptytoks=\toks26
\symAMSa=\mathgroup4
\symAMSb=\mathgroup5
LaTeX Font Info:    Overwriting math alphabet `\mathfrak' in version `bold'
(Font)                  U/euf/m/n --> U/euf/b/n on input line 106.
))
(/usr/share/texlive/texmf-dist/tex/latex/sansmathaccent/sansmathaccent.sty
Package: sansmathaccent 2013/03/28

(/usr/share/texlive/texmf-dist/tex/latex/filehook/filehook.sty
Package: filehook 2011/10/12 v0.5d Hooks for input files
)))
(/usr/share/texlive/texmf-dist/tex/latex/beamer/beamerbasetranslator.sty
Package: beamerbasetranslator 2010/06/11  (rcs-revision 85fd1cc7fc42)

(/usr/share/texlive/texmf-dist/tex/latex/beamer/translator/translator.sty
Package: translator 2010/06/12 ver 1.10

(/usr/share/texlive/texmf-dist/tex/latex/beamer/translator/translator-language-
mappings.tex)))
(/usr/share/texlive/texmf-dist/tex/latex/beamer/beamerbasemisc.sty
Package: beamerbasemisc 2013/09/03  (rcs-revision a55719c41d85)
)
(/usr/share/texlive/texmf-dist/tex/latex/beamer/beamerbasetwoscreens.sty
Package: beamerbasetwoscreens 2010/05/01  (rcs-revision efa082c6111d)
)
(/usr/share/texlive/texmf-dist/tex/latex/beamer/beamerbaseoverlay.sty
Package: beamerbaseoverlay 2013/12/25  (rcs-revision f6bd5e3805da)
\beamer@argscount=\count126
\beamer@lastskipcover=\skip44
\beamer@trivlistdepth=\count127
)
(/usr/share/texlive/texmf-dist/tex/latex/beamer/beamerbasetitle.sty
Package: beamerbasetitle 2010/09/21  (rcs-revision f0446ed0b6ae)
)
(/usr/share/texlive/texmf-dist/tex/latex/beamer/beamerbasesection.sty
Package: beamerbasesection 2013/06/07  (rcs-revision 60b9fe0f342f)
\c@lecture=\count128
\c@part=\count129
\c@section=\count130
\c@subsection=\count131
\c@subsubsection=\count132
)
(/usr/share/texlive/texmf-dist/tex/latex/beamer/beamerbaseframe.sty
Package: beamerbaseframe 2013/10/02  (rcs-revision cdc8e9a3aaac)
\beamer@framebox=\box40
\beamer@frametitlebox=\box41
\beamer@zoombox=\box42
\beamer@zoomcount=\count133
\beamer@zoomframecount=\count134
\beamer@frametextheight=\dimen168
\c@subsectionslide=\count135
\beamer@frametopskip=\skip45
\beamer@framebottomskip=\skip46
\beamer@frametopskipautobreak=\skip47
\beamer@framebottomskipautobreak=\skip48
\beamer@envbody=\toks27
\framewidth=\dimen169
\c@framenumber=\count136
)
(/usr/share/texlive/texmf-dist/tex/latex/beamer/beamerbaseverbatim.sty
Package: beamerbaseverbatim 2012/08/30  (rcs-revision dfdb135076b3)
\beamer@verbatimfileout=\write4
)
(/usr/share/texlive/texmf-dist/tex/latex/beamer/beamerbaseframesize.sty
Package: beamerbaseframesize 2011/09/12  (rcs-revision 70f9d8411e54)
\beamer@splitbox=\box43
\beamer@autobreakcount=\count137
\beamer@autobreaklastheight=\dimen170
\beamer@frametitletoks=\toks28
\beamer@framesubtitletoks=\toks29
)
(/usr/share/texlive/texmf-dist/tex/latex/beamer/beamerbaseframecomponents.sty
Package: beamerbaseframecomponents 2013/10/18  (rcs-revision 5cf6c5555a45)
\beamer@footins=\box44
)
(/usr/share/texlive/texmf-dist/tex/latex/beamer/beamerbasecolor.sty
Package: beamerbasecolor 2010/06/06  (rcs-revision d1a9b48be06d)
)
(/usr/share/texlive/texmf-dist/tex/latex/beamer/beamerbasenotes.sty
Package: beamerbasenotes 2012/12/19  (rcs-revision 1686da3db3c9)
\beamer@frameboxcopy=\box45
)
(/usr/share/texlive/texmf-dist/tex/latex/beamer/beamerbasetoc.sty
Package: beamerbasetoc 2013/05/23  (rcs-revision 0fdf5bc43be8)
)
(/usr/share/texlive/texmf-dist/tex/latex/beamer/beamerbasetemplates.sty
Package: beamerbasetemplates 2010/05/01  (rcs-revision efa082c6111d)
\beamer@sbttoks=\toks30

(/usr/share/texlive/texmf-dist/tex/latex/beamer/beamerbaseauxtemplates.sty
Package: beamerbaseauxtemplates 2013/09/04  (rcs-revision 4ac715c499d0)

(/usr/share/texlive/texmf-dist/tex/latex/beamer/beamerbaseboxes.sty
Package: beamerbaseboxes 2012/05/13  (rcs-revision 56972908a390)
\bmb@box=\box46
\bmb@colorbox=\box47
\bmb@boxshadow=\box48
\bmb@boxshadowball=\box49
\bmb@boxshadowballlarge=\box50
\bmb@temp=\dimen171
\bmb@dima=\dimen172
\bmb@dimb=\dimen173
\bmb@prevheight=\dimen174
)
\beamer@blockheadheight=\dimen175
))
(/usr/share/texlive/texmf-dist/tex/latex/beamer/beamerbaselocalstructure.sty
Package: beamerbaselocalstructure 2013/09/04  (rcs-revision 4ac715c499d0)

(/usr/share/texlive/texmf-dist/tex/latex/tools/enumerate.sty
Package: enumerate 2014/10/28 v3.00 enumerate extensions (DPC)
\@enLab=\toks31
)
\c@figure=\count138
\c@table=\count139
\abovecaptionskip=\skip49
\belowcaptionskip=\skip50
)
(/usr/share/texlive/texmf-dist/tex/latex/beamer/beamerbasenavigation.sty
Package: beamerbasenavigation 2013/10/05  (rcs-revision 62be157fe783)
\beamer@section@min@dim=\dimen176
)
(/usr/share/texlive/texmf-dist/tex/latex/beamer/beamerbasetheorems.sty
Package: beamerbasetheorems 2010/06/06  (rcs-revision 7e7cc5e53e9d)

(/usr/share/texlive/texmf-dist/tex/latex/amsmath/amsmath.sty
Package: amsmath 2013/01/14 v2.14 AMS math features
\@mathmargin=\skip51

For additional information on amsmath, use the `?' option.
(/usr/share/texlive/texmf-dist/tex/latex/amsmath/amstext.sty
Package: amstext 2000/06/29 v2.01

(/usr/share/texlive/texmf-dist/tex/latex/amsmath/amsgen.sty
File: amsgen.sty 1999/11/30 v2.0
\@emptytoks=\toks32
\ex@=\dimen177
))
(/usr/share/texlive/texmf-dist/tex/latex/amsmath/amsbsy.sty
Package: amsbsy 1999/11/29 v1.2d
\pmbraise@=\dimen178
)
(/usr/share/texlive/texmf-dist/tex/latex/amsmath/amsopn.sty
Package: amsopn 1999/12/14 v2.01 operator names
)
\inf@bad=\count140
LaTeX Info: Redefining \frac on input line 210.
\uproot@=\count141
\leftroot@=\count142
LaTeX Info: Redefining \overline on input line 306.
\classnum@=\count143
\DOTSCASE@=\count144
LaTeX Info: Redefining \ldots on input line 378.
LaTeX Info: Redefining \dots on input line 381.
LaTeX Info: Redefining \cdots on input line 466.
\Mathstrutbox@=\box51
\strutbox@=\box52
\big@size=\dimen179
LaTeX Font Info:    Redeclaring font encoding OML on input line 566.
LaTeX Font Info:    Redeclaring font encoding OMS on input line 567.
\macc@depth=\count145
\c@MaxMatrixCols=\count146
\dotsspace@=\muskip11
\c@parentequation=\count147
\dspbrk@lvl=\count148
\tag@help=\toks33
\row@=\count149
\column@=\count150
\maxfields@=\count151
\andhelp@=\toks34
\eqnshift@=\dimen180
\alignsep@=\dimen181
\tagshift@=\dimen182
\tagwidth@=\dimen183
\totwidth@=\dimen184
\lineht@=\dimen185
\@envbody=\toks35
\multlinegap=\skip52
\multlinetaggap=\skip53
\mathdisplay@stack=\toks36
LaTeX Info: Redefining \[ on input line 2665.
LaTeX Info: Redefining \] on input line 2666.
)
(/usr/share/texlive/texmf-dist/tex/latex/amscls/amsthm.sty
Package: amsthm 2009/07/02 v2.20.1
\thm@style=\toks37
\thm@bodyfont=\toks38
\thm@headfont=\toks39
\thm@notefont=\toks40
\thm@headpunct=\toks41
\thm@preskip=\skip54
\thm@postskip=\skip55
\thm@headsep=\skip56
\dth@everypar=\toks42
)
\c@theorem=\count152
)
(/usr/share/texlive/texmf-dist/tex/latex/beamer/beamerbasethemes.sty
Package: beamerbasethemes 2010/05/01  (rcs-revision efa082c6111d)
))
(/usr/share/texlive/texmf-dist/tex/latex/beamer/themes/theme/beamerthemedefault
.sty
Package: beamerthemedefault 2010/06/17  (rcs-revision d02a7cf4d8ae)

(/usr/share/texlive/texmf-dist/tex/latex/beamer/themes/font/beamerfontthemedefa
ult.sty
Package: beamerfontthemedefault 2012/12/19  (rcs-revision 1686da3db3c9)
)
(/usr/share/texlive/texmf-dist/tex/latex/beamer/themes/color/beamercolorthemede
fault.sty
Package: beamercolorthemedefault 2012/12/19  (rcs-revision 1686da3db3c9)
)
(/usr/share/texlive/texmf-dist/tex/latex/beamer/themes/inner/beamerinnerthemede
fault.sty
Package: beamerinnerthemedefault 2013/10/15  (rcs-revision 65cb471f9634)
\beamer@dima=\dimen186
\beamer@dimb=\dimen187
)
(/usr/share/texlive/texmf-dist/tex/latex/beamer/themes/outer/beamerouterthemede
fault.sty
Package: beamerouterthemedefault 2012/12/19  (rcs-revision 1686da3db3c9)
))) (/usr/share/texlive/texmf-dist/tex/latex/etex-pkg/etex.sty
Package: etex 1998/03/26 v2.0 eTeX basic definition package (PEB)
\et@xins=\count153
)
(/usr/share/texlive/texmf-dist/tex/latex/pgf/frontendlayer/tikz.sty
(/usr/share/texlive/texmf-dist/tex/latex/pgf/basiclayer/pgf.sty
Package: pgf 2013/12/18 v3.0.0 (rcs-revision 1.14)

(/usr/share/texlive/texmf-dist/tex/generic/pgf/modules/pgfmoduleshapes.code.tex
File: pgfmoduleshapes.code.tex 2013/10/31  (rcs-revision 1.34)
\pgfnodeparttextbox=\box53
) (/usr/share/texlive/texmf-dist/tex/generic/pgf/modules/pgfmoduleplot.code.tex
File: pgfmoduleplot.code.tex 2013/07/31  (rcs-revision 1.12)
)
(/usr/share/texlive/texmf-dist/tex/latex/pgf/compatibility/pgfcomp-version-0-65
.sty
Package: pgfcomp-version-0-65 2007/07/03 v3.0.0 (rcs-revision 1.7)
\pgf@nodesepstart=\dimen188
\pgf@nodesepend=\dimen189
)
(/usr/share/texlive/texmf-dist/tex/latex/pgf/compatibility/pgfcomp-version-1-18
.sty
Package: pgfcomp-version-1-18 2007/07/23 v3.0.0 (rcs-revision 1.1)
)) (/usr/share/texlive/texmf-dist/tex/latex/pgf/utilities/pgffor.sty
(/usr/share/texlive/texmf-dist/tex/latex/pgf/utilities/pgfkeys.sty
(/usr/share/texlive/texmf-dist/tex/generic/pgf/utilities/pgfkeys.code.tex))
(/usr/share/texlive/texmf-dist/tex/latex/pgf/math/pgfmath.sty
(/usr/share/texlive/texmf-dist/tex/generic/pgf/math/pgfmath.code.tex))
(/usr/share/texlive/texmf-dist/tex/generic/pgf/utilities/pgffor.code.tex
Package: pgffor 2013/12/13 v3.0.0 (rcs-revision 1.25)

(/usr/share/texlive/texmf-dist/tex/generic/pgf/math/pgfmath.code.tex)
\pgffor@iter=\dimen190
\pgffor@skip=\dimen191
\pgffor@stack=\toks43
\pgffor@toks=\toks44
))
(/usr/share/texlive/texmf-dist/tex/generic/pgf/frontendlayer/tikz/tikz.code.tex
Package: tikz 2013/12/13 v3.0.0 (rcs-revision 1.142)

(/usr/share/texlive/texmf-dist/tex/generic/pgf/libraries/pgflibraryplothandlers
.code.tex
File: pgflibraryplothandlers.code.tex 2013/08/31 v3.0.0 (rcs-revision 1.20)
\pgf@plot@mark@count=\count154
\pgfplotmarksize=\dimen192
)
\tikz@lastx=\dimen193
\tikz@lasty=\dimen194
\tikz@lastxsaved=\dimen195
\tikz@lastysaved=\dimen196
\tikzleveldistance=\dimen197
\tikzsiblingdistance=\dimen198
\tikz@figbox=\box54
\tikz@figbox@bg=\box55
\tikz@tempbox=\box56
\tikz@tempbox@bg=\box57
\tikztreelevel=\count155
\tikznumberofchildren=\count156
\tikznumberofcurrentchild=\count157
\tikz@fig@count=\count158

(/usr/share/texlive/texmf-dist/tex/generic/pgf/modules/pgfmodulematrix.code.tex
File: pgfmodulematrix.code.tex 2013/09/17  (rcs-revision 1.8)
\pgfmatrixcurrentrow=\count159
\pgfmatrixcurrentcolumn=\count160
\pgf@matrix@numberofcolumns=\count161
)
\tikz@expandcount=\count162

(/usr/share/texlive/texmf-dist/tex/generic/pgf/frontendlayer/tikz/libraries/tik
zlibrarytopaths.code.tex
File: tikzlibrarytopaths.code.tex 2008/06/17 v3.0.0 (rcs-revision 1.2)
)))
(/usr/share/texlive/texmf-dist/tex/latex/beamer/multimedia/multimedia.sty
Package: multimedia 2012/05/02 ver 0.02
\mm@movie=\count163
)
(/usr/share/texlive/texmf-dist/tex/latex/beamer/themes/theme/beamerthemeBoadill
a.sty
Package: beamerthemeBoadilla 2010/06/17  (rcs-revision d02a7cf4d8ae)

(/usr/share/texlive/texmf-dist/tex/latex/beamer/themes/color/beamercolorthemero
se.sty
Package: beamercolorthemerose 2010/06/17  (rcs-revision d02a7cf4d8ae)
)
(/usr/share/texlive/texmf-dist/tex/latex/beamer/themes/inner/beamerinnerthemero
unded.sty
Package: beamerinnerthemerounded 2010/06/17  (rcs-revision d02a7cf4d8ae)
)
(/usr/share/texlive/texmf-dist/tex/latex/beamer/themes/color/beamercolorthemedo
lphin.sty
Package: beamercolorthemedolphin 2010/06/17  (rcs-revision d02a7cf4d8ae)
)
(/usr/share/texlive/texmf-dist/tex/latex/beamer/themes/outer/beamerouterthemein
folines.sty
Package: beamerouterthemeinfolines 2012/10/16  (rcs-revision 51a8c72084af)
)) (/usr/share/texlive/texmf-dist/tex/latex/psnfss/times.sty
Package: times 2005/04/12 PSNFSS-v9.2a (SPQR) 
)
(/usr/share/texlive/texmf-dist/tex/latex/base/fontenc.sty
Package: fontenc 2005/09/27 v1.99g Standard LaTeX package

(/usr/share/texlive/texmf-dist/tex/latex/base/t1enc.def
File: t1enc.def 2005/09/27 v1.99g Standard LaTeX file
LaTeX Font Info:    Redeclaring font encoding T1 on input line 43.
))
(./slides01_intro_cogpsych.aux)
\openout1 = `slides01_intro_cogpsych.aux'.

LaTeX Font Info:    Checking defaults for OML/cmm/m/it on input line 45.
LaTeX Font Info:    ... okay on input line 45.
LaTeX Font Info:    Checking defaults for T1/cmr/m/n on input line 45.
LaTeX Font Info:    ... okay on input line 45.
LaTeX Font Info:    Checking defaults for OT1/cmr/m/n on input line 45.
LaTeX Font Info:    ... okay on input line 45.
LaTeX Font Info:    Checking defaults for OMS/cmsy/m/n on input line 45.
LaTeX Font Info:    ... okay on input line 45.
LaTeX Font Info:    Checking defaults for OMX/cmex/m/n on input line 45.
LaTeX Font Info:    ... okay on input line 45.
LaTeX Font Info:    Checking defaults for U/cmr/m/n on input line 45.
LaTeX Font Info:    ... okay on input line 45.
LaTeX Font Info:    Checking defaults for PD1/pdf/m/n on input line 45.
LaTeX Font Info:    ... okay on input line 45.
LaTeX Font Info:    Try loading font information for T1+phv on input line 45.

(/usr/share/texlive/texmf-dist/tex/latex/psnfss/t1phv.fd
File: t1phv.fd 2001/06/04 scalable font definitions for T1/phv.
)
*geometry* driver: auto-detecting
*geometry* detected driver: pdftex
*geometry* verbose mode - [ preamble ] result:
* driver: pdftex
* paper: custom
* layout: <same size as paper>
* layoutoffset:(h,v)=(0.0pt,0.0pt)
* modes: includehead includefoot 
* h-part:(L,W,R)=(21.90005pt, 320.39525pt, 21.90005pt)
* v-part:(T,H,B)=(0.0pt, 273.14662pt, 0.0pt)
* \paperwidth=364.19536pt
* \paperheight=273.14662pt
* \textwidth=320.39525pt
* \textheight=244.6939pt
* \oddsidemargin=-50.36993pt
* \evensidemargin=-50.36993pt
* \topmargin=-72.26999pt
* \headheight=14.22636pt
* \headsep=0.0pt
* \topskip=11.0pt
* \footskip=14.22636pt
* \marginparwidth=4.0pt
* \marginparsep=10.0pt
* \columnsep=10.0pt
* \skip\footins=10.0pt plus 4.0pt minus 2.0pt
* \hoffset=0.0pt
* \voffset=0.0pt
* \mag=1000
* \@twocolumnfalse
* \@twosidefalse
* \@mparswitchfalse
* \@reversemarginfalse
* (1in=72.27pt=25.4mm, 1cm=28.453pt)

(/usr/share/texlive/texmf-dist/tex/context/base/supp-pdf.mkii
[Loading MPS to PDF converter (version 2006.09.02).]
\scratchcounter=\count164
\scratchdimen=\dimen199
\scratchbox=\box58
\nofMPsegments=\count165
\nofMParguments=\count166
\everyMPshowfont=\toks45
\MPscratchCnt=\count167
\MPscratchDim=\dimen200
\MPnumerator=\count168
\makeMPintoPDFobject=\count169
\everyMPtoPDFconversion=\toks46
) (/usr/share/texlive/texmf-dist/tex/latex/oberdiek/epstopdf-base.sty
Package: epstopdf-base 2010/02/09 v2.5 Base part for package epstopdf

(/usr/share/texlive/texmf-dist/tex/latex/oberdiek/grfext.sty
Package: grfext 2010/08/19 v1.1 Manage graphics extensions (HO)
)
Package grfext Info: Graphics extension search list:
(grfext)             [.png,.pdf,.jpg,.mps,.jpeg,.jbig2,.jb2,.PNG,.PDF,.JPG,.JPE
G,.JBIG2,.JB2,.eps]
(grfext)             \AppendGraphicsExtensions on input line 452.

(/usr/share/texlive/texmf-dist/tex/latex/latexconfig/epstopdf-sys.cfg
File: epstopdf-sys.cfg 2010/07/13 v1.3 Configuration of (r)epstopdf for TeX Liv
e
))
ABD: EveryShipout initializing macros
\AtBeginShipoutBox=\box59
Package hyperref Info: Link coloring OFF on input line 45.

(/usr/share/texlive/texmf-dist/tex/latex/hyperref/nameref.sty
Package: nameref 2012/10/27 v2.43 Cross-referencing by name of section

(/usr/share/texlive/texmf-dist/tex/generic/oberdiek/gettitlestring.sty
Package: gettitlestring 2010/12/03 v1.4 Cleanup title references (HO)
)
\c@section@level=\count170
)
LaTeX Info: Redefining \ref on input line 45.
LaTeX Info: Redefining \pageref on input line 45.
LaTeX Info: Redefining \nameref on input line 45.

(./slides01_intro_cogpsych.out) (./slides01_intro_cogpsych.out)
\@outlinefile=\write5
\openout5 = `slides01_intro_cogpsych.out'.

LaTeX Font Info:    Overwriting symbol font `operators' in version `normal'
(Font)                  OT1/cmr/m/n --> OT1/cmss/m/n on input line 45.
LaTeX Font Info:    Overwriting symbol font `operators' in version `bold'
(Font)                  OT1/cmr/bx/n --> OT1/cmss/bx/n on input line 45.
\symnumbers=\mathgroup6
\sympureletters=\mathgroup7
LaTeX Font Info:    Overwriting math alphabet `\mathrm' in version `normal'
(Font)                  OT1/cmss/m/n --> T1/ptm/m/n on input line 45.
LaTeX Font Info:    Redeclaring math alphabet \mathbf on input line 45.
LaTeX Font Info:    Overwriting math alphabet `\mathbf' in version `normal'
(Font)                  OT1/cmr/bx/n --> T1/phv/bx/n on input line 45.
LaTeX Font Info:    Overwriting math alphabet `\mathbf' in version `bold'
(Font)                  OT1/cmr/bx/n --> T1/phv/bx/n on input line 45.
LaTeX Font Info:    Redeclaring math alphabet \mathsf on input line 45.
LaTeX Font Info:    Overwriting math alphabet `\mathsf' in version `normal'
(Font)                  OT1/cmss/m/n --> T1/phv/m/n on input line 45.
LaTeX Font Info:    Overwriting math alphabet `\mathsf' in version `bold'
(Font)                  OT1/cmss/bx/n --> T1/phv/m/n on input line 45.
LaTeX Font Info:    Redeclaring math alphabet \mathit on input line 45.
LaTeX Font Info:    Overwriting math alphabet `\mathit' in version `normal'
(Font)                  OT1/cmr/m/it --> T1/phv/m/it on input line 45.
LaTeX Font Info:    Overwriting math alphabet `\mathit' in version `bold'
(Font)                  OT1/cmr/bx/it --> T1/phv/m/it on input line 45.
LaTeX Font Info:    Redeclaring math alphabet \mathtt on input line 45.
LaTeX Font Info:    Overwriting math alphabet `\mathtt' in version `normal'
(Font)                  OT1/cmtt/m/n --> T1/pcr/m/n on input line 45.
LaTeX Font Info:    Overwriting math alphabet `\mathtt' in version `bold'
(Font)                  OT1/cmtt/m/n --> T1/pcr/m/n on input line 45.
LaTeX Font Info:    Overwriting symbol font `numbers' in version `bold'
(Font)                  T1/phv/m/n --> T1/phv/bx/n on input line 45.
LaTeX Font Info:    Overwriting symbol font `pureletters' in version `bold'
(Font)                  T1/phv/m/it --> T1/phv/bx/it on input line 45.
LaTeX Font Info:    Overwriting math alphabet `\mathrm' in version `bold'
(Font)                  OT1/cmss/bx/n --> T1/ptm/bx/n on input line 45.
LaTeX Font Info:    Overwriting math alphabet `\mathbf' in version `bold'
(Font)                  T1/phv/bx/n --> T1/phv/bx/n on input line 45.
LaTeX Font Info:    Overwriting math alphabet `\mathsf' in version `bold'
(Font)                  T1/phv/m/n --> T1/phv/bx/n on input line 45.
LaTeX Font Info:    Overwriting math alphabet `\mathit' in version `bold'
(Font)                  T1/phv/m/it --> T1/phv/bx/it on input line 45.
LaTeX Font Info:    Overwriting math alphabet `\mathtt' in version `bold'
(Font)                  T1/pcr/m/n --> T1/pcr/bx/n on input line 45.

(/usr/share/texlive/texmf-dist/tex/latex/beamer/translator/dicts/translator-bas
ic-dictionary/translator-basic-dictionary-English.dict
Dictionary: translator-basic-dictionary, Language: English 
)
(/usr/share/texlive/texmf-dist/tex/latex/beamer/translator/dicts/translator-bib
liography-dictionary/translator-bibliography-dictionary-English.dict
Dictionary: translator-bibliography-dictionary, Language: English 
)
(/usr/share/texlive/texmf-dist/tex/latex/beamer/translator/dicts/translator-env
ironment-dictionary/translator-environment-dictionary-English.dict
Dictionary: translator-environment-dictionary, Language: English 
)
(/usr/share/texlive/texmf-dist/tex/latex/beamer/translator/dicts/translator-mon
ths-dictionary/translator-months-dictionary-English.dict
Dictionary: translator-months-dictionary, Language: English 
)
(/usr/share/texlive/texmf-dist/tex/latex/beamer/translator/dicts/translator-num
bers-dictionary/translator-numbers-dictionary-English.dict
Dictionary: translator-numbers-dictionary, Language: English 
)
(/usr/share/texlive/texmf-dist/tex/latex/beamer/translator/dicts/translator-the
orem-dictionary/translator-theorem-dictionary-English.dict
Dictionary: translator-theorem-dictionary, Language: English 
)
LaTeX Info: Redefining \includegraphics on input line 45.

(./slides01_intro_cogpsych.nav) [1

{/var/lib/texmf/fonts/map/pdftex/updmap/pdftex.map}]
LaTeX Font Info:    Font shape `T1/phv/bx/n' in size <10.95> not available
(Font)              Font shape `T1/phv/b/n' tried instead on input line 79.
 [2

]
<../../../figures/anderson_chess.jpg, id=27, 512.91624pt x 512.91624pt>
File: ../../../figures/anderson_chess.jpg Graphic file (type jpg)

<use ../../../figures/anderson_chess.jpg>
Package pdftex.def Info: ../../../figures/anderson_chess.jpg used on input line
 79.
(pdftex.def)             Requested size: 85.35826pt x 85.35538pt.
 [3

 <../../../figures/anderson_chess.jpg>] <../../../figures/odog_model.png, id=33
, 530.9436pt x 267.8808pt>
File: ../../../figures/odog_model.png Graphic file (type png)

<use ../../../figures/odog_model.png>
Package pdftex.def Info: ../../../figures/odog_model.png used on input line 79.

(pdftex.def)             Requested size: 113.81102pt x 57.42157pt.
 [4

 <../../../figures/odog_model.png>]
<../../../figures/marchstrasse_building.jpg, id=41, 1505.625pt x 941.5175pt>
File: ../../../figures/marchstrasse_building.jpg Graphic file (type jpg)

<use ../../../figures/marchstrasse_building.jpg>
Package pdftex.def Info: ../../../figures/marchstrasse_building.jpg used on inp
ut line 79.
(pdftex.def)             Requested size: 85.35826pt x 53.37111pt.
 [5

 <../../../figures/marchstrasse_building.jpg>] [6

]
LaTeX Font Info:    Try loading font information for OMS+phv on input line 92.

(/usr/share/texlive/texmf-dist/tex/latex/psnfss/omsphv.fd
File: omsphv.fd 
)
LaTeX Font Info:    Font shape `OMS/phv/m/n' in size <10> not available
(Font)              Font shape `OMS/cmsy/m/n' tried instead on input line 92.
 [7

] [8

] [9

] [10

]
[11

] <figs/l1/block_I.png, id=79, 700.86844pt x 451.6875pt>
File: figs/l1/block_I.png Graphic file (type png)

<use figs/l1/block_I.png>
Package pdftex.def Info: figs/l1/block_I.png used on input line 123.
(pdftex.def)             Requested size: 284.52756pt x 183.37352pt.
 [12

 <./figs/l1/block_I.png (PNG copy)>]
<figs/l1/block_II.png, id=85, 722.7pt x 496.10344pt>
File: figs/l1/block_II.png Graphic file (type png)

<use figs/l1/block_II.png>
Package pdftex.def Info: figs/l1/block_II.png used on input line 123.
(pdftex.def)             Requested size: 284.52756pt x 195.31905pt.
 [13

 <./figs/l1/block_II.png (PNG copy)>] [14

]
[15

] [16

] [17

]
<figs/the_mind_SebastianEriksson.jpg, id=112, 438.63875pt x 642.4pt>
File: figs/the_mind_SebastianEriksson.jpg Graphic file (type jpg)

<use figs/the_mind_SebastianEriksson.jpg>
Package pdftex.def Info: figs/the_mind_SebastianEriksson.jpg used on input line
 174.
(pdftex.def)             Requested size: 142.26378pt x 208.34622pt.
 [18

 <./figs/the_mind_SebastianEriksson.jpg>]
<../../../figures/adelson_processing.png, id=118, 1149.8157pt x 391.7034pt>
File: ../../../figures/adelson_processing.png Graphic file (type png)

<use ../../../figures/adelson_processing.png>
Package pdftex.def Info: ../../../figures/adelson_processing.png used on input 
line 184.
(pdftex.def)             Requested size: 312.9803pt x 106.61603pt.
 [19

 <../../../figures/adelson_processing.png>] [20

] [21

] [22

]
LaTeX Font Info:    Try loading font information for U+msa on input line 237.

(/usr/share/texlive/texmf-dist/tex/latex/amsfonts/umsa.fd
File: umsa.fd 2013/01/14 v3.01 AMS symbols A
)
LaTeX Font Info:    Try loading font information for U+msb on input line 237.

(/usr/share/texlive/texmf-dist/tex/latex/amsfonts/umsb.fd
File: umsb.fd 2013/01/14 v3.01 AMS symbols B
)
LaTeX Font Info:    Font shape `T1/phv/m/it' in size <10.95> not available
(Font)              Font shape `T1/phv/m/sl' tried instead on input line 237.
LaTeX Font Info:    Font shape `T1/phv/m/it' in size <8> not available
(Font)              Font shape `T1/phv/m/sl' tried instead on input line 237.
LaTeX Font Info:    Font shape `T1/phv/m/it' in size <6> not available
(Font)              Font shape `T1/phv/m/sl' tried instead on input line 237.
 [23

]
<figs/l1/dichotic_listening_task.png, id=154, 326.6604pt x 499.3857pt>
File: figs/l1/dichotic_listening_task.png Graphic file (type png)

<use figs/l1/dichotic_listening_task.png>
Package pdftex.def Info: figs/l1/dichotic_listening_task.png used on input line
 237.
(pdftex.def)             Requested size: 99.58464pt x 152.24002pt.
 [24

 <./figs/l1/dichotic_listening_task.png>]
File: figs/l1/dichotic_listening_task.png Graphic file (type png)
 <use figs/l1/dichotic_listening_task.png>
Package pdftex.def Info: figs/l1/dichotic_listening_task.png used on input line
 237.
(pdftex.def)             Requested size: 99.58464pt x 152.24002pt.
 [25

] [26

] [27

]
<../../../figures/adelson_brain_processing.png, id=178, 1149.8157pt x 391.7034p
t>
File: ../../../figures/adelson_brain_processing.png Graphic file (type png)
 <use ../../../figures/adelson_brain_processing.png>
Package pdftex.def Info: ../../../figures/adelson_brain_processing.png used on 
input line 268.
(pdftex.def)             Requested size: 312.9803pt x 106.61603pt.
 [28

 <../../../figures/adelson_brain_processing.png>] [29

] [30

]
<../../../figures/mishkin_double_diss.png, id=195, 603.0028pt x 196.48407pt>
File: ../../../figures/mishkin_double_diss.png Graphic file (type png)

<use ../../../figures/mishkin_double_diss.png>
Package pdftex.def Info: ../../../figures/mishkin_double_diss.png used on input
 line 303.
(pdftex.def)             Requested size: 312.9803pt x 101.98042pt.
 [31

 <../../../figures/mishkin_double_diss.png>]
<../../../figures/ebbinghaus.png, id=202, 242.40562pt x 134.75343pt>
File: ../../../figures/ebbinghaus.png Graphic file (type png)

<use ../../../figures/ebbinghaus.png>
Package pdftex.def Info: ../../../figures/ebbinghaus.png used on input line 320
.
(pdftex.def)             Requested size: 142.26378pt x 79.08849pt.

<../../../figures/ebbinghaus_grasping.png, id=203, 215.30438pt x 150.5625pt>
File: ../../../figures/ebbinghaus_grasping.png Graphic file (type png)

<use ../../../figures/ebbinghaus_grasping.png>
Package pdftex.def Info: ../../../figures/ebbinghaus_grasping.png used on input
 line 320.
(pdftex.def)             Requested size: 142.26378pt x 99.4864pt.
 [32

 <../../../figures/ebbinghaus.png> <../../../figures/ebbinghaus_grasping.png>]
<../../../figures/goodale_nature91_results.png, id=209, 440.39531pt x 304.88907
pt>
File: ../../../figures/goodale_nature91_results.png Graphic file (type png)
 <use ../../../figures/goodale_nature91_results.png>
Package pdftex.def Info: ../../../figures/goodale_nature91_results.png used on 
input line 320.
(pdftex.def)             Requested size: 284.52756pt x 196.98457pt.
 [33

 <../../../figures/goodale_nature91_results.png>] [34

] [35

]
<figs/methods_overview.png, id=225, 347.04657pt x 183.68625pt>
File: figs/methods_overview.png Graphic file (type png)

<use figs/methods_overview.png>
Package pdftex.def Info: figs/methods_overview.png used on input line 352.
(pdftex.def)             Requested size: 312.9803pt x 165.66081pt.
 [36

 <./figs/methods_overview.png>]
<figs/l3/ward_single_cell_recording.png, id=231, 209.28188pt x 216.81pt>
File: figs/l3/ward_single_cell_recording.png Graphic file (type png)

<use figs/l3/ward_single_cell_recording.png>
Package pdftex.def Info: figs/l3/ward_single_cell_recording.png used on input l
ine 361.
(pdftex.def)             Requested size: 170.71652pt x 176.85573pt.
 [37

 <./figs/l3/ward_single_cell_recording.png>] <figs/l1/eeg_cap.png, id=238, 322.
95656pt x 217.5628pt>
File: figs/l1/eeg_cap.png Graphic file (type png)

<use figs/l1/eeg_cap.png>
Package pdftex.def Info: figs/l1/eeg_cap.png used on input line 371.
(pdftex.def)             Requested size: 142.26378pt x 95.83748pt.

<figs/l1/erp_face_animal_object.png, id=239, 229.60782pt x 155.83218pt>
File: figs/l1/erp_face_animal_object.png Graphic file (type png)

<use figs/l1/erp_face_animal_object.png>
Package pdftex.def Info: figs/l1/erp_face_animal_object.png used on input line 
371.
(pdftex.def)             Requested size: 142.26378pt x 96.55788pt.
 [38

 <./figs/l1/eeg_cap.png> <./figs/l1/erp_face_animal_object.png>]
<figs/l1/fmri_magnet.png, id=245, 228.855pt x 153.57375pt>
File: figs/l1/fmri_magnet.png Graphic file (type png)

<use figs/l1/fmri_magnet.png>
Package pdftex.def Info: figs/l1/fmri_magnet.png used on input line 381.
(pdftex.def)             Requested size: 128.0374pt x 85.92337pt.

<figs/l1/fmri_flat_map.png, id=246, 463.7325pt x 451.6875pt>
File: figs/l1/fmri_flat_map.png Graphic file (type png)

<use figs/l1/fmri_flat_map.png>
Package pdftex.def Info: figs/l1/fmri_flat_map.png used on input line 381.
(pdftex.def)             Requested size: 128.0374pt x 124.71413pt.
 [39

 <./figs/l1/fmri_magnet.png> <./figs/l1/fmri_flat_map.png>] <figs/l1/tms.png, i
d=253, 226.59656pt x 149.8097pt>
File: figs/l1/tms.png Graphic file (type png)

<use figs/l1/tms.png>
Package pdftex.def Info: figs/l1/tms.png used on input line 388.
(pdftex.def)             Requested size: 156.49014pt x 103.46022pt.
 [40

 <./figs/l1/tms.png>]
<figs/methods_classification.png, id=259, 344.03531pt x 232.61906pt>
File: figs/methods_classification.png Graphic file (type png)

<use figs/methods_classification.png>
Package pdftex.def Info: figs/methods_classification.png used on input line 394
.
(pdftex.def)             Requested size: 312.9803pt x 211.61978pt.
 [41

 <./figs/methods_classification.png>]
<../../../figures/haxby_science01.png, id=265, 504.38437pt x 299.61937pt>
File: ../../../figures/haxby_science01.png Graphic file (type png)

<use ../../../figures/haxby_science01.png>
Package pdftex.def Info: ../../../figures/haxby_science01.png used on input lin
e 399.
(pdftex.def)             Requested size: 312.9803pt x 185.9221pt.
 [42

 <../../../figures/haxby_science01.png>] [43

]
<../../../figures/keehner_psych11_results.png, id=278, 378.66469pt x 375.65344p
t>
File: ../../../figures/keehner_psych11_results.png Graphic file (type png)
 <use ../../../figures/keehner_psych11_results.png>
Package pdftex.def Info: ../../../figures/keehner_psych11_results.png used on i
nput line 425.
(pdftex.def)             Requested size: 142.26378pt x 141.13336pt.
 [44

 <../../../figures/keehner_psych11_results.png>] [45

]
Overfull \hbox (21.03781pt too wide) in paragraph at lines 465--465
[]|[]  
 []

[46

]
Overfull \hbox (21.03781pt too wide) in paragraph at lines 465--465
[]|[]  
 []

[47

] <figs/what_early_visual_system.png, id=299, 944.7797pt x 651.18282pt>
File: figs/what_early_visual_system.png Graphic file (type png)

<use figs/what_early_visual_system.png>
Package pdftex.def Info: figs/what_early_visual_system.png used on input line 4
72.
(pdftex.def)             Requested size: 312.9803pt x 215.72563pt.
 [48

 <./figs/what_early_visual_system.png (PNG copy)>]
<../../../figures/c_elegans.jpg, id=305, 340.27126pt x 148.555pt>
File: ../../../figures/c_elegans.jpg Graphic file (type jpg)

<use ../../../figures/c_elegans.jpg>
Package pdftex.def Info: ../../../figures/c_elegans.jpg used on input line 508.

(pdftex.def)             Requested size: 142.26378pt x 62.10931pt.
LaTeX Font Info:    Font shape `OMS/phv/m/n' in size <9> not available
(Font)              Font shape `OMS/cmsy/m/n' tried instead on input line 508.

Overfull \vbox (8.14032pt too high) detected at line 508
 []

[49

 <../../../figures/c_elegans.jpg>]
File: ../../../figures/c_elegans.jpg Graphic file (type jpg)
 <use ../../../figures/c_elegans.jpg>
Package pdftex.def Info: ../../../figures/c_elegans.jpg used on input line 508.

(pdftex.def)             Requested size: 142.26378pt x 62.10931pt.

Overfull \vbox (8.14032pt too high) detected at line 508
 []

[50

]
File: ../../../figures/c_elegans.jpg Graphic file (type jpg)
 <use ../../../figures/c_elegans.jpg>
Package pdftex.def Info: ../../../figures/c_elegans.jpg used on input line 508.

(pdftex.def)             Requested size: 142.26378pt x 62.10931pt.

Overfull \vbox (8.14032pt too high) detected at line 508
 []

[51

]
File: ../../../figures/c_elegans.jpg Graphic file (type jpg)
 <use ../../../figures/c_elegans.jpg>
Package pdftex.def Info: ../../../figures/c_elegans.jpg used on input line 508.

(pdftex.def)             Requested size: 142.26378pt x 62.10931pt.

Overfull \vbox (8.14032pt too high) detected at line 508
 []

[52

] <figs/marr.jpg, id=329, 1190.4475pt x 1545.775pt>
File: figs/marr.jpg Graphic file (type jpg)
 <use figs/marr.jpg>
Package pdftex.def Info: figs/marr.jpg used on input line 540.
(pdftex.def)             Requested size: 85.35826pt x 110.83342pt.

[53

 <./figs/marr.jpg>]
File: figs/marr.jpg Graphic file (type jpg)
 <use figs/marr.jpg>
Package pdftex.def Info: figs/marr.jpg used on input line 540.
(pdftex.def)             Requested size: 85.35826pt x 110.83342pt.

Overfull \vbox (10.9427pt too high) detected at line 540
 []

[54

] <../../../figures/dress.jpg, id=340, 636.3775pt x 964.60374pt>
File: ../../../figures/dress.jpg Graphic file (type jpg)

<use ../../../figures/dress.jpg>
Package pdftex.def Info: ../../../figures/dress.jpg used on input line 568.
(pdftex.def)             Requested size: 93.89409pt x 142.3146pt.
LaTeX Font Info:    Try loading font information for T1+pcr on input line 568.

(/usr/share/texlive/texmf-dist/tex/latex/psnfss/t1pcr.fd
File: t1pcr.fd 2001/06/04 font definitions for T1/pcr.
)
LaTeX Font Info:    Font shape `T1/phv/m/it' in size <5> not available
(Font)              Font shape `T1/phv/m/sl' tried instead on input line 568.

Overfull \hbox (16.53583pt too wide) in paragraph at lines 568--568
\T1/pcr/m/n/6 guys-[]please-[]help-[]me-[]is-[]this-[]dress-[]white-[]and$[]  
 []

[55

 <../../../figures/dress.jpg>]
File: ../../../figures/dress.jpg Graphic file (type jpg)
 <use ../../../figures/dress.jpg>
Package pdftex.def Info: ../../../figures/dress.jpg used on input line 568.
(pdftex.def)             Requested size: 93.89409pt x 142.3146pt.

Overfull \hbox (16.53583pt too wide) in paragraph at lines 568--568
\T1/pcr/m/n/6 guys-[]please-[]help-[]me-[]is-[]this-[]dress-[]white-[]and$[]  
 []

<../../../figures/dress_brainard.png, id=352, 417.81094pt x 380.17032pt>
File: ../../../figures/dress_brainard.png Graphic file (type png)

<use ../../../figures/dress_brainard.png>
Package pdftex.def Info: ../../../figures/dress_brainard.png used on input line
 568.
(pdftex.def)             Requested size: 165.02597pt x 150.16272pt.
 [56

 <../../../figures/dress_brainard.png>]
<../../../figures/adelson_demo_bar.png, id=360, 391.4625pt x 332.74312pt>
File: ../../../figures/adelson_demo_bar.png Graphic file (type png)

<use ../../../figures/adelson_demo_bar.png>
Package pdftex.def Info: ../../../figures/adelson_demo_bar.png used on input li
ne 577.
(pdftex.def)             Requested size: 199.16928pt x 169.29564pt.
 [57

 <../../../figures/adelson_demo_bar.png (PNG copy)>]
<../../../figures/adelson_image_processing.png, id=366, 1467.8037pt x 440.847pt
>
File: ../../../figures/adelson_image_processing.png Graphic file (type png)
 <use ../../../figures/adelson_image_processing.png>
Package pdftex.def Info: ../../../figures/adelson_image_processing.png used on 
input line 612.
(pdftex.def)             Requested size: 312.9803pt x 93.99994pt.
 [58

 <../../../figures/adelson_image_processing.png>]
File: ../../../figures/adelson_image_processing.png Graphic file (type png)

<use ../../../figures/adelson_image_processing.png>
Package pdftex.def Info: ../../../figures/adelson_image_processing.png used on 
input line 612.
(pdftex.def)             Requested size: 312.9803pt x 93.99994pt.

<figs/adelson_SBC_center_surround.png, id=373, 323.70938pt x 259.7203pt>
File: figs/adelson_SBC_center_surround.png Graphic file (type png)

<use figs/adelson_SBC_center_surround.png>
Package pdftex.def Info: figs/adelson_SBC_center_surround.png used on input lin
e 612.
(pdftex.def)             Requested size: 99.58464pt x 79.8982pt.

Overfull \vbox (19.89633pt too high) detected at line 612
 []

[59

 <./figs/adelson_SBC_center_surround.png>]
File: ../../../figures/adelson_image_processing.png Graphic file (type png)

<use ../../../figures/adelson_image_processing.png>
Package pdftex.def Info: ../../../figures/adelson_image_processing.png used on 
input line 612.
(pdftex.def)             Requested size: 312.9803pt x 93.99994pt.
 [60

]
<../../../figures/marr_intensity_adelson.png, id=384, 1300.86pt x 489.2679pt>
File: ../../../figures/marr_intensity_adelson.png Graphic file (type png)

<use ../../../figures/marr_intensity_adelson.png>
Package pdftex.def Info: ../../../figures/marr_intensity_adelson.png used on in
put line 643.
(pdftex.def)             Requested size: 236.15787pt x 88.81844pt.
 [61

 <../../../figures/marr_intensity_adelson.png>]
File: ../../../figures/marr_intensity_adelson.png Graphic file (type png)
 <use ../../../figures/marr_intensity_adelson.png>
Package pdftex.def Info: ../../../figures/marr_intensity_adelson.png used on in
put line 643.
(pdftex.def)             Requested size: 236.15787pt x 88.81844pt.

[62

]
File: ../../../figures/marr_intensity_adelson.png Graphic file (type png)
 <use ../../../figures/marr_intensity_adelson.png>
Package pdftex.def Info: ../../../figures/marr_intensity_adelson.png used on in
put line 643.
(pdftex.def)             Requested size: 236.15787pt x 88.81844pt.
 [63

]
LaTeX Font Info:    Font shape `T1/phv/m/it' in size <10> not available
(Font)              Font shape `T1/phv/m/sl' tried instead on input line 670.
LaTeX Font Info:    Font shape `T1/phv/m/it' in size <7> not available
(Font)              Font shape `T1/phv/m/sl' tried instead on input line 670.

Overfull \hbox (42.52856pt too wide) in paragraph at lines 670--670
[][] 
 []

[64

]
Overfull \hbox (42.52856pt too wide) in paragraph at lines 670--670
[][] 
 []

[65

] [66

] [67

] <figs/mondrian_edge.png, id=426, 150.3216pt x 141.6492pt>
File: figs/mondrian_edge.png Graphic file (type png)

<use figs/mondrian_edge.png>
Package pdftex.def Info: figs/mondrian_edge.png used on input line 703.
(pdftex.def)             Requested size: 85.35826pt x 80.43394pt.
 [68

 <./figs/mondrian_edge.png>]
File: figs/mondrian_edge.png Graphic file (type png)

<use figs/mondrian_edge.png>
Package pdftex.def Info: figs/mondrian_edge.png used on input line 703.
(pdftex.def)             Requested size: 85.35826pt x 80.43394pt.
 [69

]
File: figs/mondrian_edge.png Graphic file (type png)
 <use figs/mondrian_edge.png>
Package pdftex.def Info: figs/mondrian_edge.png used on input line 703.
(pdftex.def)             Requested size: 85.35826pt x 80.43394pt.

<figs/luminance_zero.jpg, id=438, 1877.0125pt x 604.2575pt>
File: figs/luminance_zero.jpg Graphic file (type jpg)

<use figs/luminance_zero.jpg>
Package pdftex.def Info: figs/luminance_zero.jpg used on input line 703.
(pdftex.def)             Requested size: 227.62204pt x 73.27304pt.
 [70

 <./figs/luminance_zero.jpg>]
File: figs/mondrian_edge.png Graphic file (type png)

<use figs/mondrian_edge.png>
Package pdftex.def Info: figs/mondrian_edge.png used on input line 703.
(pdftex.def)             Requested size: 85.35826pt x 80.43394pt.
File: figs/luminance_zero.jpg Graphic file (type jpg)
 <use figs/luminance_zero.jpg>
Package pdftex.def Info: figs/luminance_zero.jpg used on input line 703.
(pdftex.def)             Requested size: 227.62204pt x 73.27304pt.
 [71

]
<figs/marr_hildred_mexican_hat.png, id=449, 535.2497pt x 225.84375pt>
File: figs/marr_hildred_mexican_hat.png Graphic file (type png)

<use figs/marr_hildred_mexican_hat.png>
Package pdftex.def Info: figs/marr_hildred_mexican_hat.png used on input line 7
17.
(pdftex.def)             Requested size: 170.71652pt x 72.03369pt.
 [72

 <./figs/marr_hildred_mexican_hat.png>]
File: figs/marr_hildred_mexican_hat.png Graphic file (type png)
 <use figs/marr_hildred_mexican_hat.png>
Package pdftex.def Info: figs/marr_hildred_mexican_hat.png used on input line 7
17.
(pdftex.def)             Requested size: 170.71652pt x 72.03369pt.
 [73

]
<figs/marr_primal_sketch.png, id=462, 586.8324pt x 408.3255pt>
File: figs/marr_primal_sketch.png Graphic file (type png)

<use figs/marr_primal_sketch.png>
Package pdftex.def Info: figs/marr_primal_sketch.png used on input line 724.
(pdftex.def)             Requested size: 170.71652pt x 118.78519pt.
 [74

 <./figs/marr_primal_sketch.png>]
<figs/marr_representations.png, id=469, 789.1884pt x 357.7365pt>
File: figs/marr_representations.png Graphic file (type png)

<use figs/marr_representations.png>
Package pdftex.def Info: figs/marr_representations.png used on input line 732.
(pdftex.def)             Requested size: 284.52756pt x 128.97609pt.
 [75

 <./figs/marr_representations.png>]
[76

] [77

]
\tf@nav=\write6
\openout6 = `slides01_intro_cogpsych.nav'.

\tf@toc=\write7
\openout7 = `slides01_intro_cogpsych.toc'.

\tf@snm=\write8
\openout8 = `slides01_intro_cogpsych.snm'.

Package atveryend Info: Empty hook `BeforeClearDocument' on input line 779.
Package atveryend Info: Empty hook `AfterLastShipout' on input line 779.
 (./slides01_intro_cogpsych.aux)
Package atveryend Info: Executing hook `AtVeryEndDocument' on input line 779.
Package atveryend Info: Executing hook `AtEndAfterFileList' on input line 779.
Package rerunfilecheck Info: File `slides01_intro_cogpsych.out' has not changed
.
(rerunfilecheck)             Checksum: D41D8CD98F00B204E9800998ECF8427E;0.
Package atveryend Info: Empty hook `AtVeryVeryEnd' on input line 779.
 ) 
Here is how much of TeX's memory you used:
 20419 strings out of 494938
 402312 string characters out of 6177585
 451444 words of memory out of 5000000
 22974 multiletter control sequences out of 15000+600000
 54242 words of font info for 75 fonts, out of 8000000 for 9000
 14 hyphenation exceptions out of 8191
 56i,16n,63p,420b,665s stack positions out of 5000i,500n,10000p,200000b,80000s
{/usr/share/texlive/texmf-dist/fonts/enc/dvips/base/8r.enc}</usr/share/texliv
e/texmf-dist/fonts/type1/public/amsfonts/cm/cmmi10.pfb></usr/share/texlive/texm
f-dist/fonts/type1/public/amsfonts/cm/cmss10.pfb></usr/share/texlive/texmf-dist
/fonts/type1/public/amsfonts/cm/cmsy10.pfb></usr/share/texlive/texmf-dist/fonts
/type1/public/amsfonts/cm/cmsy9.pfb></usr/share/texlive/texmf-dist/fonts/type1/
urw/courier/ucrr8a.pfb></usr/share/texlive/texmf-dist/fonts/type1/urw/helvetic/
uhvb8a.pfb></usr/share/texlive/texmf-dist/fonts/type1/urw/helvetic/uhvr8a.pfb><
/usr/share/texlive/texmf-dist/fonts/type1/urw/helvetic/uhvro8a.pfb>
Output written on slides01_intro_cogpsych.pdf (77 pages, 6179804 bytes).
PDF statistics:
 550 PDF objects out of 1000 (max. 8388607)
 400 compressed objects within 4 object streams
 155 named destinations out of 1000 (max. 500000)
 256 words of extra memory for PDF output out of 10000 (max. 10000000)

